SF:/home/elma/repos/polinetwork/polinetworkbot/Moderation/Main/Lib_CSharp/PoliNetwork.Db/src/Variables/Variables.cs
FN:4,System.Void PoliNetwork.Db.Variables.Variables::.cctor()
FNDA:0,System.Void PoliNetwork.Db.Variables.Variables::.cctor()
DA:5,0
LF:1
LH:0
BRF:0
BRH:0
FNF:1
FNH:0
end_of_record
SF:/home/elma/repos/polinetwork/polinetworkbot/Moderation/Main/Lib_CSharp/PoliNetwork.Db/src/Utils/Database.cs
FN:22,System.Int32 PoliNetwork.Db.Utils.Database::Execute(System.String,PoliNetwork.Db.Objects.DbConfig,System.Collections.Generic.Dictionary`2<System.String,System.Object>)
FNDA:0,System.Int32 PoliNetwork.Db.Utils.Database::Execute(System.String,PoliNetwork.Db.Objects.DbConfig,System.Collections.Generic.Dictionary`2<System.String,System.Object>)
DA:23,0
DA:24,0
DA:26,0
DA:28,0
DA:30,0
DA:31,0
DA:32,0
DA:33,0
DA:34,0
DA:35,0
DA:37,0
DA:39,0
DA:41,0
DA:42,0
DA:44,0
DA:45,0
DA:46,0
BRDA:26,19,0,0
BRDA:26,19,1,0
BRDA:30,63,0,0
BRDA:31,163,1,0
BRDA:34,127,0,0
BRDA:34,127,1,0
BRDA:34,140,0,0
BRDA:34,140,1,0
BRDA:31,163,0,0
BRDA:30,63,1,0
BRDA:37,183,1,0
BRDA:37,183,0,0
BRDA:42,228,0,0
BRDA:42,228,1,0
BRDA:45,260,0,0
BRDA:45,260,1,0
FN:55,System.Data.DataTable PoliNetwork.Db.Utils.Database::ExecuteSelect(System.String,PoliNetwork.Db.Objects.DbConfig,System.Collections.Generic.Dictionary`2<System.String,System.Object>)
FNDA:0,System.Data.DataTable PoliNetwork.Db.Utils.Database::ExecuteSelect(System.String,PoliNetwork.Db.Objects.DbConfig,System.Collections.Generic.Dictionary`2<System.String,System.Object>)
DA:56,0
DA:57,0
DA:59,0
DA:61,0
DA:63,0
DA:64,0
DA:65,0
DA:67,0
DA:69,0
DA:70,0
DA:71,0
DA:72,0
DA:74,0
DA:75,0
DA:77,0
DA:78,0
DA:80,0
DA:81,0
DA:82,0
DA:83,0
BRDA:59,19,0,0
BRDA:59,19,1,0
BRDA:63,65,0,0
BRDA:64,130,1,0
BRDA:64,130,0,0
BRDA:63,65,1,0
BRDA:74,186,0,0
BRDA:74,186,1,0
BRDA:82,224,0,0
BRDA:82,224,1,0
FN:85,System.Void PoliNetwork.Db.Utils.Database::OpenConnection(System.Data.IDbConnection)
FNDA:0,System.Void PoliNetwork.Db.Utils.Database::OpenConnection(System.Data.IDbConnection)
DA:86,0
DA:87,0
DA:88,0
BRDA:87,15,0,0
BRDA:87,15,1,0
FN:91,System.Object PoliNetwork.Db.Utils.Database::GetFirstValueFromDataTable(System.Data.DataTable)
FNDA:0,System.Object PoliNetwork.Db.Utils.Database::GetFirstValueFromDataTable(System.Data.DataTable)
DA:92,0
DA:94,0
DA:95,0
DA:97,0
DA:98,0
DA:99,0
DA:101,0
BRDA:95,3,0,0
BRDA:95,3,1,0
FN:104,System.Nullable`1<System.Int64> PoliNetwork.Db.Utils.Database::GetIntFromColumn(System.Data.DataRow,System.String)
FNDA:0,System.Nullable`1<System.Int64> PoliNetwork.Db.Utils.Database::GetIntFromColumn(System.Data.DataRow,System.String)
DA:105,0
DA:106,0
DA:107,0
DA:110,0
DA:111,0
DA:113,0
DA:114,0
DA:115,0
DA:117,0
BRDA:107,10,0,0
BRDA:107,10,1,0
BRDA:107,26,0,0
BRDA:107,26,1,0
LF:56
LH:0
BRF:34
BRH:0
FNF:5
FNH:0
end_of_record
SF:/home/elma/repos/polinetwork/polinetworkbot/Moderation/Main/Lib_CSharp/PoliNetwork.Db/src/Utils/DbConfig.cs
FN:18,System.String PoliNetwork.Db.Utils.DbConfigUtils::GetConnectionString(PoliNetwork.Db.Objects.DbConfig)
FNDA:0,System.String PoliNetwork.Db.Utils.DbConfigUtils::GetConnectionString(PoliNetwork.Db.Objects.DbConfig)
DA:19,0
DA:20,0
DA:21,0
DA:23,0
DA:24,0
DA:25,0
DA:26,0
DA:27,0
DA:28,0
DA:29,0
BRDA:20,7,0,0
BRDA:20,7,1,0
BRDA:23,31,0,0
BRDA:23,31,1,0
FN:36,PoliNetwork.Db.Objects.DbConfig PoliNetwork.Db.Utils.DbConfigUtils::LoadOrInitializeConfig(System.String)
FNDA:0,PoliNetwork.Db.Objects.DbConfig PoliNetwork.Db.Utils.DbConfigUtils::LoadOrInitializeConfig(System.String)
DA:37,0
DA:38,0
DA:39,0
DA:41,0
DA:42,0
DA:43,0
DA:44,0
DA:45,0
DA:46,0
DA:47,0
DA:48,0
DA:51,0
DA:54,0
DA:55,0
DA:56,0
DA:58,0
DA:59,0
BRDA:38,12,0,0
BRDA:38,12,1,0
BRDA:56,84,0,0
BRDA:56,84,1,0
LF:27
LH:0
BRF:8
BRH:0
FNF:2
FNH:0
end_of_record
SF:/home/elma/repos/polinetwork/polinetworkbot/Moderation/Main/Lib_CSharp/PoliNetwork.Db/src/Objects/Configuration.cs
FN:25,System.Void PoliNetwork.Db.Objects.DbConfig::FixName()
FNDA:0,System.Void PoliNetwork.Db.Objects.DbConfig::FixName()
DA:26,0
DA:27,0
DA:28,0
DA:30,0
DA:31,0
DA:32,0
BRDA:27,14,0,0
BRDA:27,14,1,0
BRDA:30,41,0,0
BRDA:30,41,1,0
FN:18,System.Void PoliNetwork.Db.Objects.DbConfig::.ctor(PoliNetwork.Core.Utils.LoggerNS.Logger)
FNDA:0,System.Void PoliNetwork.Db.Objects.DbConfig::.ctor(PoliNetwork.Core.Utils.LoggerNS.Logger)
DA:19,0
DA:20,0
DA:21,0
DA:22,0
BRDA:21,11,0,0
BRDA:21,11,1,0
LF:10
LH:0
BRF:6
BRH:0
FNF:2
FNH:0
end_of_record
SF:/home/elma/repos/polinetwork/polinetworkbot/Moderation/Main/Lib_CSharp/PoliNetwork.Core/src/Utils/Metrics.cs
FN:15,System.Void PoliNetwork.Core.Utils.Metrics::Start()
FNDA:0,System.Void PoliNetwork.Core.Utils.Metrics::Start()
DA:16,0
DA:17,0
DA:18,0
FN:20,System.Void PoliNetwork.Core.Utils.Metrics::Stop(System.String)
FNDA:0,System.Void PoliNetwork.Core.Utils.Metrics::Stop(System.String)
DA:21,0
DA:22,0
DA:23,0
DA:24,0
DA:25,0
DA:26,0
DA:27,0
DA:28,0
DA:29,0
DA:30,0
DA:32,0
DA:33,0
BRDA:26,39,0,0
BRDA:26,39,1,0
FN:35,T PoliNetwork.Core.Utils.Metrics::Execute(System.Func`1<T>,System.String)
FNDA:0,T PoliNetwork.Core.Utils.Metrics::Execute(System.Func`1<T>,System.String)
DA:36,0
DA:37,0
DA:39,0
DA:41,0
DA:43,0
DA:44,0
DA:45,0
BRDA:37,13,0,0
BRDA:37,13,1,0
BRDA:43,72,0,0
BRDA:43,72,1,0
FN:9,System.Void PoliNetwork.Core.Utils.Metrics::.ctor()
FNDA:0,System.Void PoliNetwork.Core.Utils.Metrics::.ctor()
DA:10,0
DA:11,0
DA:12,0
DA:13,0
LF:26
LH:0
BRF:6
BRH:0
FNF:4
FNH:0
end_of_record
SF:/home/elma/repos/polinetwork/polinetworkbot/Moderation/Main/Lib_CSharp/PoliNetwork.Core/src/Utils/Wait.cs
FN:8,System.Void PoliNetwork.Core.Utils.Wait::WaitForever()
FNDA:0,System.Void PoliNetwork.Core.Utils.Wait::WaitForever()
DA:9,0
DA:10,0
DA:11,0
LF:3
LH:0
BRF:0
BRH:0
FNF:1
FNH:0
end_of_record
SF:/home/elma/repos/polinetwork/polinetworkbot/Moderation/Main/Lib_CSharp/PoliNetwork.Core/src/Utils/LoggerNS/LogConfig.cs
FN:19,System.Boolean PoliNetwork.Core.Utils.LoggerNS.LogConfig::CanWriteToFile()
FNDA:0,System.Boolean PoliNetwork.Core.Utils.LoggerNS.LogConfig::CanWriteToFile()
DA:20,0
DA:21,0
DA:22,0
BRDA:21,7,0,0
BRDA:21,7,1,0
FN:6,System.Void PoliNetwork.Core.Utils.LoggerNS.LogConfig::.ctor(PoliNetwork.Core.Utils.LoggerNS.LogLevel,System.Boolean,System.String)
FNDA:1,System.Void PoliNetwork.Core.Utils.LoggerNS.LogConfig::.ctor(PoliNetwork.Core.Utils.LoggerNS.LogLevel,System.Boolean,System.String)
DA:7,1
DA:9,1
DA:10,1
DA:11,1
DA:12,1
DA:14,0
DA:15,0
DA:16,0
DA:17,1
BRDA:11,27,1,0
BRDA:11,27,0,1
LF:12
LH:6
BRF:4
BRH:1
FNF:2
FNH:1
end_of_record
SF:/home/elma/repos/polinetwork/polinetworkbot/Moderation/Main/Lib_CSharp/PoliNetwork.Core/src/Utils/LoggerNS/Logger.cs
FN:16,System.Void PoliNetwork.Core.Utils.LoggerNS.Logger::WriteToFile(System.String)
FNDA:0,System.Void PoliNetwork.Core.Utils.LoggerNS.Logger::WriteToFile(System.String)
DA:17,0
DA:18,0
DA:19,0
DA:20,0
DA:21,0
BRDA:18,17,1,0
BRDA:18,17,0,0
FN:23,System.Void PoliNetwork.Core.Utils.LoggerNS.Logger::SetConsoleColor(PoliNetwork.Core.Utils.LoggerNS.LogLevel)
FNDA:0,System.Void PoliNetwork.Core.Utils.LoggerNS.Logger::SetConsoleColor(PoliNetwork.Core.Utils.LoggerNS.LogLevel)
DA:24,0
DA:25,0
DA:26,0
DA:27,0
DA:28,0
DA:29,0
DA:30,0
DA:31,0
DA:32,0
DA:33,0
DA:34,0
DA:35,0
BRDA:25,8,2,0
BRDA:25,8,3,0
BRDA:25,8,4,0
BRDA:25,8,5,0
BRDA:25,8,6,0
BRDA:25,8,1,0
BRDA:25,8,0,0
FN:37,System.Void PoliNetwork.Core.Utils.LoggerNS.Logger::Write(PoliNetwork.Core.Utils.LoggerNS.LogLevel,System.Object)
FNDA:0,System.Void PoliNetwork.Core.Utils.LoggerNS.Logger::Write(PoliNetwork.Core.Utils.LoggerNS.LogLevel,System.Object)
DA:38,0
DA:39,0
DA:41,0
DA:42,0
DA:44,0
DA:45,0
DA:46,0
DA:47,0
DA:48,0
DA:49,0
BRDA:39,17,1,0
BRDA:44,107,0,0
BRDA:44,107,1,0
BRDA:39,17,0,0
FN:51,System.Void PoliNetwork.Core.Utils.LoggerNS.Logger::Emergency(System.Object)
FNDA:0,System.Void PoliNetwork.Core.Utils.LoggerNS.Logger::Emergency(System.Object)
DA:52,0
DA:53,0
DA:54,0
FN:56,System.Void PoliNetwork.Core.Utils.LoggerNS.Logger::Error(System.Object)
FNDA:0,System.Void PoliNetwork.Core.Utils.LoggerNS.Logger::Error(System.Object)
DA:57,0
DA:58,0
DA:59,0
FN:61,System.Void PoliNetwork.Core.Utils.LoggerNS.Logger::Warning(System.Object)
FNDA:0,System.Void PoliNetwork.Core.Utils.LoggerNS.Logger::Warning(System.Object)
DA:62,0
DA:63,0
DA:64,0
FN:66,System.Void PoliNetwork.Core.Utils.LoggerNS.Logger::Info(System.Object)
FNDA:0,System.Void PoliNetwork.Core.Utils.LoggerNS.Logger::Info(System.Object)
DA:67,0
DA:68,0
DA:69,0
FN:71,System.Void PoliNetwork.Core.Utils.LoggerNS.Logger::Debug(System.Object)
FNDA:0,System.Void PoliNetwork.Core.Utils.LoggerNS.Logger::Debug(System.Object)
DA:72,0
DA:73,0
DA:74,0
FN:76,System.Void PoliNetwork.Core.Utils.LoggerNS.Logger::DbQuery(System.String)
FNDA:0,System.Void PoliNetwork.Core.Utils.LoggerNS.Logger::DbQuery(System.String)
DA:77,0
DA:78,0
DA:79,0
FN:82,System.Void PoliNetwork.Core.Utils.LoggerNS.Logger::SetLogConfing(PoliNetwork.Core.Utils.LoggerNS.LogConfig)
FNDA:0,System.Void PoliNetwork.Core.Utils.LoggerNS.Logger::SetLogConfing(PoliNetwork.Core.Utils.LoggerNS.LogConfig)
DA:83,0
DA:84,0
DA:85,0
FN:10,System.Void PoliNetwork.Core.Utils.LoggerNS.Logger::.ctor(PoliNetwork.Core.Utils.LoggerNS.LogConfig)
FNDA:1,System.Void PoliNetwork.Core.Utils.LoggerNS.Logger::.ctor(PoliNetwork.Core.Utils.LoggerNS.LogConfig)
DA:11,1
DA:12,1
DA:13,1
DA:14,1
BRDA:13,11,0,1
BRDA:13,11,1,1
LF:52
LH:4
BRF:15
BRH:2
FNF:11
FNH:1
end_of_record
SF:/home/elma/repos/polinetwork/polinetworkbot/Moderation/Main/Lib_CSharp/PoliNetwork.Core/src/Data/Variables.cs
FN:6,System.Void PoliNetwork.Core.Data.GlobalVariables::.cctor()
FNDA:0,System.Void PoliNetwork.Core.Data.GlobalVariables::.cctor()
DA:7,0
LF:1
LH:0
BRF:0
BRH:0
FNF:1
FNH:0
end_of_record
SF:/home/elma/repos/polinetwork/polinetworkbot/Moderation/Main/Lib_CSharp/PoliNetwork.Telegram/src/Variables/Variables.cs
FN:4,System.Void PoliNetwork.Telegram.Variables.Variables::.cctor()
FNDA:0,System.Void PoliNetwork.Telegram.Variables.Variables::.cctor()
DA:5,0
LF:1
LH:0
BRF:0
BRH:0
FNF:1
FNH:0
end_of_record
SF:/home/elma/repos/polinetwork/polinetworkbot/Moderation/Main/Lib_CSharp/PoliNetwork.Telegram/src/Utils/Echo.cs
FN:15,System.Void PoliNetwork.Telegram.Utils.Echo/<EchoMethod>d__0::MoveNext()
FNDA:0,System.Void PoliNetwork.Telegram.Utils.Echo/<EchoMethod>d__0::MoveNext()
DA:16,0
DA:18,0
DA:19,0
DA:21,0
DA:24,0
DA:25,0
DA:26,0
DA:27,0
DA:29,0
DA:30,0
DA:31,0
BRDA:18,49,0,0
BRDA:18,49,1,0
BRDA:29,328,0,0
BRDA:29,328,1,0
LF:11
LH:0
BRF:4
BRH:0
FNF:1
FNH:0
end_of_record
SF:/home/elma/repos/polinetwork/polinetworkbot/Moderation/Main/Lib_CSharp/PoliNetwork.Telegram/src/Utils/ConfigUtils/TelegramConfiguration.cs
FN:11,PoliNetwork.Telegram.Objects.Configuration.TelegramConfig PoliNetwork.Telegram.Utils.ConfigUtils.TelegramConfigUtils::LoadOrInitializeConfig(System.String)
FNDA:0,PoliNetwork.Telegram.Objects.Configuration.TelegramConfig PoliNetwork.Telegram.Utils.ConfigUtils.TelegramConfigUtils::LoadOrInitializeConfig(System.String)
DA:12,0
DA:13,0
DA:14,0
DA:16,0
DA:17,0
DA:18,0
DA:19,0
DA:20,0
DA:21,0
DA:22,0
DA:23,0
DA:26,0
DA:29,0
DA:30,0
DA:31,0
DA:32,0
DA:33,0
BRDA:13,12,0,0
BRDA:13,12,1,0
BRDA:31,83,0,0
BRDA:31,83,1,0
LF:17
LH:0
BRF:4
BRH:0
FNF:1
FNH:0
end_of_record
SF:/home/elma/repos/polinetwork/polinetworkbot/Moderation/Main/Lib_CSharp/PoliNetwork.Telegram/src/Objects/Configuration/TelegramConfiguration.cs
FN:7,System.String PoliNetwork.Telegram.Objects.Configuration.TelegramConfig::get_Token()
FNDA:0,System.String PoliNetwork.Telegram.Objects.Configuration.TelegramConfig::get_Token()
DA:8,0
FN:9,System.String PoliNetwork.Telegram.Objects.Configuration.TelegramConfig::get_BaseUrl()
FNDA:0,System.String PoliNetwork.Telegram.Objects.Configuration.TelegramConfig::get_BaseUrl()
DA:10,0
FN:11,System.Boolean PoliNetwork.Telegram.Objects.Configuration.TelegramConfig::get_UseTestEnvironment()
FNDA:0,System.Boolean PoliNetwork.Telegram.Objects.Configuration.TelegramConfig::get_UseTestEnvironment()
DA:12,0
LF:3
LH:0
BRF:0
BRH:0
FNF:3
FNH:0
end_of_record
SF:/home/elma/repos/polinetwork/polinetworkbot/Moderation/Main/Lib_CSharp/PoliNetwork.Telegram/src/Objects/Bot/TelegramBot.cs
FN:39,System.Void PoliNetwork.Telegram.Objects.Bot.TelegramBot::Start(System.Func`4<Telegram.Bot.ITelegramBotClient,Telegram.Bot.Types.Update,System.Threading.CancellationToken,System.Threading.Tasks.Task>)
FNDA:0,System.Void PoliNetwork.Telegram.Objects.Bot.TelegramBot::Start(System.Func`4<Telegram.Bot.ITelegramBotClient,Telegram.Bot.Types.Update,System.Threading.CancellationToken,System.Threading.Tasks.Task>)
DA:40,0
DA:42,0
DA:43,0
DA:44,0
DA:45,0
DA:47,0
DA:48,0
DA:49,0
DA:50,0
DA:51,0
DA:53,0
DA:54,0
FN:72,PoliNetwork.Core.Utils.LoggerNS.Logger PoliNetwork.Telegram.Objects.Bot.TelegramBot::GetLogger()
FNDA:0,PoliNetwork.Core.Utils.LoggerNS.Logger PoliNetwork.Telegram.Objects.Bot.TelegramBot::GetLogger()
DA:73,0
DA:74,0
DA:75,0
FN:81,System.String PoliNetwork.Telegram.Objects.Bot.TelegramBot::GetUserString()
FNDA:0,System.String PoliNetwork.Telegram.Objects.Bot.TelegramBot::GetUserString()
DA:82,0
DA:83,0
DA:84,0
FN:95,System.Threading.Tasks.Task PoliNetwork.Telegram.Objects.Bot.TelegramBot::HandlePollingErrorAsync(Telegram.Bot.ITelegramBotClient,System.Exception,System.Threading.CancellationToken)
FNDA:0,System.Threading.Tasks.Task PoliNetwork.Telegram.Objects.Bot.TelegramBot::HandlePollingErrorAsync(Telegram.Bot.ITelegramBotClient,System.Exception,System.Threading.CancellationToken)
DA:96,0
DA:97,0
DA:98,0
DA:99,0
DA:100,0
DA:101,0
DA:102,0
DA:104,0
DA:105,0
BRDA:97,13,1,0
BRDA:97,13,0,0
FN:112,System.Nullable`1<System.Int64> PoliNetwork.Telegram.Objects.Bot.TelegramBot::GetId()
FNDA:0,System.Nullable`1<System.Int64> PoliNetwork.Telegram.Objects.Bot.TelegramBot::GetId()
DA:113,0
DA:114,0
DA:115,0
FN:24,System.Void PoliNetwork.Telegram.Objects.Bot.TelegramBot::.ctor(PoliNetwork.Telegram.Objects.Configuration.TelegramConfig,PoliNetwork.Core.Utils.LoggerNS.LogConfig)
FNDA:0,System.Void PoliNetwork.Telegram.Objects.Bot.TelegramBot::.ctor(PoliNetwork.Telegram.Objects.Configuration.TelegramConfig,PoliNetwork.Core.Utils.LoggerNS.LogConfig)
DA:25,0
DA:26,0
DA:27,0
DA:28,0
DA:29,0
DA:30,0
DA:31,0
DA:32,0
DA:33,0
FN:63,System.Void PoliNetwork.Telegram.Objects.Bot.TelegramBot/<SendTextMessageAsync>d__5::MoveNext()
FNDA:0,System.Void PoliNetwork.Telegram.Objects.Bot.TelegramBot/<SendTextMessageAsync>d__5::MoveNext()
DA:64,0
DA:65,0
DA:66,0
LF:42
LH:0
BRF:2
BRH:0
FNF:7
FNH:0
end_of_record
SF:/home/elma/repos/polinetwork/polinetworkbot/Moderation/Main/Lib_CSharp/PoliNetwork.Telegram/src/Objects/Bot/TestBot.cs
FN:23,System.Void PoliNetwork.Telegram.Objects.Bot.TestBot::Start(System.Func`4<Telegram.Bot.ITelegramBotClient,Telegram.Bot.Types.Update,System.Threading.CancellationToken,System.Threading.Tasks.Task>)
FNDA:1,System.Void PoliNetwork.Telegram.Objects.Bot.TestBot::Start(System.Func`4<Telegram.Bot.ITelegramBotClient,Telegram.Bot.Types.Update,System.Threading.CancellationToken,System.Threading.Tasks.Task>)
DA:24,1
DA:25,1
FN:34,System.Threading.Tasks.Task`1<Telegram.Bot.Types.Message> PoliNetwork.Telegram.Objects.Bot.TestBot::SendTextMessageAsync(System.Int64,System.String,System.Threading.CancellationToken)
FNDA:0,System.Threading.Tasks.Task`1<Telegram.Bot.Types.Message> PoliNetwork.Telegram.Objects.Bot.TestBot::SendTextMessageAsync(System.Int64,System.String,System.Threading.CancellationToken)
DA:35,0
DA:36,0
DA:37,0
DA:38,0
DA:39,0
DA:40,0
DA:41,0
DA:42,0
DA:43,0
FN:49,PoliNetwork.Core.Utils.LoggerNS.Logger PoliNetwork.Telegram.Objects.Bot.TestBot::GetLogger()
FNDA:0,PoliNetwork.Core.Utils.LoggerNS.Logger PoliNetwork.Telegram.Objects.Bot.TestBot::GetLogger()
DA:50,0
DA:51,0
DA:52,0
FN:13,System.Void PoliNetwork.Telegram.Objects.Bot.TestBot::.ctor()
FNDA:1,System.Void PoliNetwork.Telegram.Objects.Bot.TestBot::.ctor()
DA:14,1
DA:15,1
DA:16,1
DA:17,1
LF:18
LH:6
BRF:0
BRH:0
FNF:4
FNH:2
end_of_record